app/build/intermediates/manifest_merge_blame_file/localApiDebug/manifest-merger-blame-localApi-debug-report.txt
1<?xml version="1.0" encoding="utf-8"?>
2<manifest xmlns:android="http://schemas.android.com/apk/res/android"
3    package="llc.aerMis"
4    android:versionCode="56"
5    android:versionName="0.0.56" >
6
7    <uses-sdk
8        android:minSdkVersion="21"
8-->src\main\AndroidManifest.xml
9        android:targetSdkVersion="30" />
9-->src\main\AndroidManifest.xml
10
11    <uses-permission android:name="android.permission.BLUETOOTH_ADMIN" />
11-->src\main\AndroidManifest.xml:6:5-74
11-->src\main\AndroidManifest.xml:6:22-71
12    <uses-permission android:name="android.permission.INTERNET" />
12-->src\main\AndroidManifest.xml:7:5-67
12-->src\main\AndroidManifest.xml:7:22-64
13    <uses-permission android:name="android.permission.ACCESS_NETWORK_STATE" />
13-->src\main\AndroidManifest.xml:8:5-79
13-->src\main\AndroidManifest.xml:8:22-76
14    <uses-permission android:name="android.permission.VIBRATE" />
14-->src\main\AndroidManifest.xml:9:5-66
14-->src\main\AndroidManifest.xml:9:22-63
15    <uses-permission android:name="android.permission.BLUETOOTH" />
15-->src\main\AndroidManifest.xml:10:5-68
15-->src\main\AndroidManifest.xml:10:22-65
16    <uses-permission android:name="android.permission.BLUETOOTH_ADMIN" />
16-->src\main\AndroidManifest.xml:6:5-74
16-->src\main\AndroidManifest.xml:6:22-71
17    <uses-permission android:name="android.permission.ACCESS_COARSE_LOCATION" />
17-->src\main\AndroidManifest.xml:12:5-81
17-->src\main\AndroidManifest.xml:12:22-78
18    <uses-permission android:name="android.permission.ACCESS_BACKGROUND_LOCATION" />
18-->src\main\AndroidManifest.xml:13:5-85
18-->src\main\AndroidManifest.xml:13:22-82
19    <uses-permission android:name="android.permission.ACCESS_FINE_LOCATION" />
19-->src\main\AndroidManifest.xml:14:5-79
19-->src\main\AndroidManifest.xml:14:22-76
20    <uses-permission android:name="android.permission.READ_EXTERNAL_STORAGE" />
20-->src\main\AndroidManifest.xml:15:5-80
20-->src\main\AndroidManifest.xml:15:22-77
21    <uses-permission android:name="android.permission.ACCESS_BACKGROUND_LOCATION" />
21-->src\main\AndroidManifest.xml:13:5-85
21-->src\main\AndroidManifest.xml:13:22-82
22
23    <application
24        android:name="llc.aerMist.app.AerMist"
24-->src\main\AndroidManifest.xml:19:9-47
25        android:allowBackup="true"
25-->src\main\AndroidManifest.xml:20:9-35
26        android:appComponentFactory="androidx.core.app.CoreComponentFactory"
26-->[androidx.core:core:1.3.2] AndroidManifest.xml:24:18-86
27        android:configChanges="uiMode|locale"
27-->src\main\AndroidManifest.xml:21:9-46
28        android:debuggable="true"
29        android:fullBackupContent="@xml/backup_descriptor"
29-->src\main\AndroidManifest.xml:22:9-59
30        android:icon="@mipmap/ic_launcher"
30-->src\main\AndroidManifest.xml:23:9-34
31        android:label="@string/app_name"
31-->src\main\AndroidManifest.xml:24:9-41
32        android:roundIcon="@mipmap/ic_launcher_round"
32-->src\main\AndroidManifest.xml:25:9-46
33        android:supportsRtl="true"
33-->src\main\AndroidManifest.xml:26:9-35
34        android:theme="@style/AppTheme"
34-->src\main\AndroidManifest.xml:27:9-40
35        android:usesCleartextTraffic="true" >
35-->src\main\AndroidManifest.xml:28:9-44
36        <uses-library
36-->src\main\AndroidManifest.xml:31:9-33:40
37            android:name="org.apache.http.legacy"
37-->src\main\AndroidManifest.xml:32:13-50
38            android:required="false" />
38-->src\main\AndroidManifest.xml:33:13-37
39
40        <activity
40-->src\main\AndroidManifest.xml:35:9-43:20
41            android:name="llc.aerMist.app.ui.MainActivity"
41-->src\main\AndroidManifest.xml:36:13-59
42            android:screenOrientation="portrait" >
42-->src\main\AndroidManifest.xml:37:13-49
43            <intent-filter>
43-->src\main\AndroidManifest.xml:38:13-42:29
44                <action android:name="android.intent.action.MAIN" />
44-->src\main\AndroidManifest.xml:39:17-69
44-->src\main\AndroidManifest.xml:39:25-66
45
46                <category android:name="android.intent.category.LAUNCHER" />
46-->src\main\AndroidManifest.xml:41:17-77
46-->src\main\AndroidManifest.xml:41:27-74
47            </intent-filter>
48        </activity>
49
50        <meta-data
50-->[com.github.bumptech.glide:okhttp3-integration:4.11.0] AndroidManifest.xml:11:9-13:43
51            android:name="com.bumptech.glide.integration.okhttp3.OkHttpGlideModule"
51-->[com.github.bumptech.glide:okhttp3-integration:4.11.0] AndroidManifest.xml:12:13-84
52            android:value="GlideModule" />
52-->[com.github.bumptech.glide:okhttp3-integration:4.11.0] AndroidManifest.xml:13:13-40
53
54        <provider
54-->[androidx.lifecycle:lifecycle-process:2.2.0] AndroidManifest.xml:25:9-29:43
55            android:name="androidx.lifecycle.ProcessLifecycleOwnerInitializer"
55-->[androidx.lifecycle:lifecycle-process:2.2.0] AndroidManifest.xml:26:13-79
56            android:authorities="llc.aerMis.lifecycle-process"
56-->[androidx.lifecycle:lifecycle-process:2.2.0] AndroidManifest.xml:27:13-69
57            android:exported="false"
57-->[androidx.lifecycle:lifecycle-process:2.2.0] AndroidManifest.xml:28:13-37
58            android:multiprocess="true" />
58-->[androidx.lifecycle:lifecycle-process:2.2.0] AndroidManifest.xml:29:13-40
59    </application>
60
61</manifest>